<?xml version="1.0" encoding="UTF-8"?>
<!-- Generated by org.testng.reporters.JUnitReportReporter -->
<testsuite hostname="DESKTOP-EKTU0VS" failures="0" tests="1" name="com.TradeGecko.BM.User.CreatingCustomer" time="141.439" errors="0" timestamp="2024-05-31T18:35:21 IST" skipped="0">
  <testcase classname="com.TradeGecko.BM.User.CreatingCustomer" name="creatingCustomer" time="141.439"/>
</testsuite> <!-- com.TradeGecko.BM.User.CreatingCustomer -->
