<?xml version="1.0" encoding="UTF-8"?>
<!-- Generated by org.testng.reporters.JUnitReportReporter -->
<testsuite hostname="DESKTOP-EKTU0VS" failures="0" tests="1" name="com.TradeGecko.BM.User.CreatingCustomerTest" time="143.242" errors="0" timestamp="2024-06-01T11:01:00 IST" skipped="0">
  <testcase classname="com.TradeGecko.BM.User.CreatingCustomerTest" name="creatingCustomer" time="143.242"/>
</testsuite> <!-- com.TradeGecko.BM.User.CreatingCustomerTest -->
